mode: set
github.com/wuhanyuhan/ks-types/apptypes.go:19.31,19.58 1 1
github.com/wuhanyuhan/ks-types/apptypes.go:35.35,35.66 1 1
github.com/wuhanyuhan/ks-types/errors.go:11.35,13.2 1 1
github.com/wuhanyuhan/ks-types/instance_claims.go:20.99,22.16 2 1
github.com/wuhanyuhan/ks-types/instance_claims.go:22.16,24.3 1 0
github.com/wuhanyuhan/ks-types/instance_claims.go:26.2,36.36 4 1
github.com/wuhanyuhan/ks-types/instance_claims.go:40.87,42.16 2 1
github.com/wuhanyuhan/ks-types/instance_claims.go:42.16,44.3 1 0
github.com/wuhanyuhan/ks-types/instance_claims.go:46.2,47.84 2 1
github.com/wuhanyuhan/ks-types/instance_claims.go:47.84,48.57 1 1
github.com/wuhanyuhan/ks-types/instance_claims.go:48.57,50.4 1 0
github.com/wuhanyuhan/ks-types/instance_claims.go:51.3,51.21 1 1
github.com/wuhanyuhan/ks-types/instance_claims.go:53.2,53.16 1 1
github.com/wuhanyuhan/ks-types/instance_claims.go:53.16,55.3 1 1
github.com/wuhanyuhan/ks-types/instance_claims.go:58.2,59.20 2 1
github.com/wuhanyuhan/ks-types/jwt.go:12.69,14.16 2 1
github.com/wuhanyuhan/ks-types/jwt.go:14.16,16.3 1 1
github.com/wuhanyuhan/ks-types/jwt.go:17.2,17.40 1 1
github.com/wuhanyuhan/ks-types/jwt.go:21.67,23.16 2 1
github.com/wuhanyuhan/ks-types/jwt.go:23.16,25.3 1 0
github.com/wuhanyuhan/ks-types/jwt.go:26.2,26.39 1 1
github.com/wuhanyuhan/ks-types/jwt.go:30.76,32.18 2 1
github.com/wuhanyuhan/ks-types/jwt.go:32.18,34.3 1 0
github.com/wuhanyuhan/ks-types/jwt.go:35.2,35.33 1 1
github.com/wuhanyuhan/ks-types/jwt.go:35.33,37.3 1 0
github.com/wuhanyuhan/ks-types/jwt.go:38.2,39.16 2 1
github.com/wuhanyuhan/ks-types/jwt.go:39.16,41.3 1 0
github.com/wuhanyuhan/ks-types/jwt.go:42.2,43.9 2 1
github.com/wuhanyuhan/ks-types/jwt.go:43.9,45.3 1 1
github.com/wuhanyuhan/ks-types/jwt.go:46.2,46.19 1 1
github.com/wuhanyuhan/ks-types/jwt.go:50.74,52.18 2 1
github.com/wuhanyuhan/ks-types/jwt.go:52.18,54.3 1 1
github.com/wuhanyuhan/ks-types/jwt.go:55.2,55.32 1 1
github.com/wuhanyuhan/ks-types/jwt.go:55.32,57.3 1 0
github.com/wuhanyuhan/ks-types/jwt.go:58.2,59.16 2 1
github.com/wuhanyuhan/ks-types/jwt.go:59.16,61.3 1 0
github.com/wuhanyuhan/ks-types/jwt.go:62.2,63.9 2 1
github.com/wuhanyuhan/ks-types/jwt.go:63.9,65.3 1 0
github.com/wuhanyuhan/ks-types/jwt.go:66.2,66.19 1 1
